0 info it worked if it ends with ok
1 verbose cli [ '/home/bitanu/.nvm/versions/node/v4.5.0/bin/node',
1 verbose cli   '/home/bitanu/.nvm/versions/node/v4.5.0/bin/npm',
1 verbose cli   'install' ]
2 info using npm@2.15.9
3 info using node@v4.5.0
4 verbose readDependencies loading dependencies from /media/bitanu/9828A4BC28A49B30/Django REST API/todo/package.json
5 error install Couldn't read dependencies
6 verbose stack Error: ENOENT: no such file or directory, open '/media/bitanu/9828A4BC28A49B30/Django REST API/todo/package.json'
6 verbose stack     at Error (native)
7 verbose cwd /media/bitanu/9828A4BC28A49B30/Django REST API/todo
8 error Linux 5.4.0-31-generic
9 error argv "/home/bitanu/.nvm/versions/node/v4.5.0/bin/node" "/home/bitanu/.nvm/versions/node/v4.5.0/bin/npm" "install"
10 error node v4.5.0
11 error npm  v2.15.9
12 error path /media/bitanu/9828A4BC28A49B30/Django REST API/todo/package.json
13 error code ENOPACKAGEJSON
14 error errno -2
15 error syscall open
16 error package.json ENOENT: no such file or directory, open '/media/bitanu/9828A4BC28A49B30/Django REST API/todo/package.json'
16 error package.json This is most likely not a problem with npm itself.
16 error package.json npm can't find a package.json file in your current directory.
17 verbose exit [ -2, true ]
